2024-06-30 15:18:43,304 - logger - INFO - Custom logger module initialized.
2024-06-30 15:18:43,304 - logger - INFO - (1) Starting the data ingestion process.
2024-06-30 15:18:43,304 - logger - INFO - Reading data from CSV file: ../../data/new_data/data.csv
2024-06-30 15:18:43,320 - logger - INFO - Data read successfully from CSV file.
2024-06-30 15:18:43,320 - logger - INFO - Validating data.
2024-06-30 15:18:43,320 - logger - INFO - Data validation passed.
2024-06-30 15:18:43,321 - logger - INFO - Reading data from CSV file: ../../data/raw/NBA Shot Locations 1997 - 2020.csv
2024-06-30 15:18:43,324 - logger - INFO - Data read successfully from CSV file.
2024-06-30 15:18:43,324 - logger - INFO - Appending new data to existing data.
2024-06-30 15:18:43,325 - logger - INFO - Data appended successfully.
2024-06-30 15:18:43,326 - logger - INFO - Saving data to CSV file: ../../data/raw/NBA Shot Locations 1997 - 2020.csv
2024-06-30 15:18:43,334 - logger - INFO - Data saved successfully.
2024-06-30 15:18:43,335 - logger - INFO - Data ingestion process completed.
2024-06-30 15:18:43,335 - logger - INFO - ---------------------------------
2024-06-30 16:00:02,060 - logger - INFO - Custom logger module initialized.
2024-06-30 16:00:02,062 - logger - INFO - (2) Starting the data processing process.
2024-06-30 16:00:02,062 - logger - INFO - Data loaded from ../../data/raw/NBA Shot Locations 1997 - 2020.csv.
2024-06-30 16:00:02,124 - logger - INFO - Processed data saved successfully.
2024-06-30 16:00:02,124 - logger - INFO - ../../data/processed/NBA Shot Locations 1997 - 2020-processed.csv
2024-06-30 16:00:02,124 - logger - INFO - Data processing pipeline completed.
2024-06-30 16:00:02,124 - logger - INFO - -----------------------------------
2024-06-30 16:01:18,978 - logger - INFO - Custom logger module initialized.
2024-06-30 16:01:18,978 - logger - INFO - (3) Starting the feature engineering process.
2024-06-30 16:01:18,978 - logger - INFO - Loading data from ../../data/processed/NBA Shot Locations 1997 - 2020-processed.csv.
2024-06-30 16:01:19,028 - logger - INFO - New joblib file generated successfully.
2024-06-30 16:01:19,029 - logger - INFO - ../../data/processed/NBA Shot Locations 1997 - 2020-train-test.joblib
2024-06-30 16:01:19,029 - logger - INFO - Data processing completed.
2024-06-30 16:01:19,029 - logger - INFO - -----------------------------------
2024-06-30 14:22:01,159 - logger - INFO - Custom logger module initialized.
2024-06-30 14:22:01,163 - logger - INFO - (1) Starting the data ingestion process.
2024-06-30 14:22:01,164 - logger - INFO - Reading data from CSV file: ../../data/new_data/data.csv
2024-06-30 14:22:01,180 - logger - INFO - Data read successfully from CSV file.
2024-06-30 14:22:01,183 - logger - INFO - Validating data.
2024-06-30 14:22:01,184 - logger - INFO - Data validation passed.
2024-06-30 14:22:01,193 - logger - INFO - Reading data from CSV file: ../../data/raw/NBA Shot Locations 1997 - 2020.csv
2024-06-30 14:22:01,247 - logger - INFO - Data read successfully from CSV file.
2024-06-30 14:22:01,248 - logger - INFO - Appending new data to existing data.
2024-06-30 14:22:01,256 - logger - INFO - Data appended successfully.
2024-06-30 14:22:01,258 - logger - INFO - Saving data to CSV file: ../../data/raw/NBA Shot Locations 1997 - 2020.csv
2024-06-30 14:22:01,308 - logger - INFO - Data saved successfully.
2024-06-30 14:22:01,309 - logger - INFO - Data ingestion process completed.
2024-06-30 14:22:01,310 - logger - INFO - ---------------------------------
2024-06-30 14:22:02,316 - logger - INFO - Custom logger module initialized.
2024-06-30 14:22:02,317 - logger - INFO - (2) Starting the data processing process.
2024-06-30 14:22:02,318 - logger - INFO - Data loaded from ../../data/raw/NBA Shot Locations 1997 - 2020.csv.
2024-06-30 14:22:02,389 - logger - INFO - Processed data saved successfully.
2024-06-30 14:22:02,390 - logger - INFO - ../../data/processed/NBA Shot Locations 1997 - 2020-processed.csv
2024-06-30 14:22:02,391 - logger - INFO - Data processing pipeline completed.
2024-06-30 14:22:02,392 - logger - INFO - -----------------------------------
2024-06-30 14:22:06,194 - logger - INFO - Custom logger module initialized.
2024-06-30 14:22:06,195 - logger - INFO - (3) Starting the feature engineering process.
2024-06-30 14:22:06,196 - logger - INFO - Loading data from ../../data/processed/NBA Shot Locations 1997 - 2020-processed.csv.
2024-06-30 14:22:06,270 - logger - INFO - New joblib file generated successfully.
2024-06-30 14:22:06,271 - logger - INFO - ../../data/processed/NBA Shot Locations 1997 - 2020-train-test.joblib
2024-06-30 14:22:06,272 - logger - INFO - Data processing completed.
2024-06-30 14:22:06,273 - logger - INFO - -----------------------------------
2024-06-30 14:22:10,187 - logger - INFO - Custom logger module initialized.
2024-06-30 14:22:10,188 - logger - INFO - (4) Starting the model training process.
2024-06-30 14:22:10,216 - logger - INFO - Model file data saved successfully.
2024-06-30 14:22:10,217 - logger - INFO - ../../trained_models/model_best_lr.joblib
2024-06-30 14:22:10,220 - logger - INFO - -----------------------------------
2024-06-30 14:22:12,794 - logger - INFO - Custom logger module initialized.
2024-06-30 14:22:12,796 - logger - INFO - (5) Starting the model prediction process.
2024-06-30 14:22:12,877 - logger - INFO - Prediction file data saved successfully.
2024-06-30 14:22:12,878 - logger - INFO - ../../data/predictions/predictions.csv
2024-06-30 14:22:12,879 - logger - INFO - -----------------------------------
2024-06-30 16:30:22,357 - logger - INFO - Custom logger module initialized.
2024-06-30 16:30:22,359 - logger - INFO - (1) Starting the data ingestion process.
2024-06-30 16:30:22,361 - logger - INFO - Reading data from CSV file: ../../data/new_data/data.csv
2024-06-30 16:30:22,388 - logger - INFO - Data read successfully from CSV file.
2024-06-30 16:30:22,390 - logger - INFO - Validating data.
2024-06-30 16:30:22,391 - logger - INFO - Data validation passed.
2024-06-30 16:30:22,404 - logger - INFO - Reading data from CSV file: ../../data/raw/NBA Shot Locations 1997 - 2020.csv
2024-06-30 16:30:22,421 - logger - INFO - Data read successfully from CSV file.
2024-06-30 16:30:22,423 - logger - INFO - Appending new data to existing data.
2024-06-30 16:30:22,428 - logger - INFO - Data appended successfully.
2024-06-30 16:30:22,441 - logger - INFO - Saving data to CSV file: ../../data/raw/NBA Shot Locations 1997 - 2020.csv
2024-06-30 16:30:22,475 - logger - INFO - Data saved successfully.
2024-06-30 16:30:22,476 - logger - INFO - Data ingestion process completed.
2024-06-30 16:30:22,477 - logger - INFO - ---------------------------------
2024-06-30 16:30:24,488 - logger - INFO - Custom logger module initialized.
2024-06-30 16:30:24,489 - logger - INFO - (2) Starting the data processing process.
2024-06-30 16:30:24,490 - logger - INFO - Data loaded from ../../data/raw/NBA Shot Locations 1997 - 2020.csv.
2024-06-30 16:30:24,538 - logger - INFO - Processed data saved successfully.
2024-06-30 16:30:24,540 - logger - INFO - ../../data/processed/NBA Shot Locations 1997 - 2020-processed.csv
2024-06-30 16:30:24,541 - logger - INFO - Data processing pipeline completed.
2024-06-30 16:30:24,541 - logger - INFO - -----------------------------------
2024-06-30 16:30:27,767 - logger - INFO - Custom logger module initialized.
2024-06-30 16:30:27,768 - logger - INFO - (3) Starting the feature engineering process.
2024-06-30 16:30:27,769 - logger - INFO - Loading data from ../../data/processed/NBA Shot Locations 1997 - 2020-processed.csv.
2024-06-30 16:30:27,831 - logger - INFO - New joblib file generated successfully.
2024-06-30 16:30:27,832 - logger - INFO - ../../data/processed/NBA Shot Locations 1997 - 2020-train-test.joblib
2024-06-30 16:30:27,833 - logger - INFO - Data processing completed.
2024-06-30 16:30:27,834 - logger - INFO - -----------------------------------
2024-06-30 16:30:30,828 - logger - INFO - Custom logger module initialized.
2024-06-30 16:30:30,829 - logger - INFO - (4) Starting the model training process.
2024-06-30 16:30:30,863 - logger - INFO - Model file data saved successfully.
2024-06-30 16:30:30,865 - logger - INFO - ../../trained_models/model_best_lr.joblib
2024-06-30 16:30:30,867 - logger - INFO - -----------------------------------
2024-06-30 16:30:33,090 - logger - INFO - Custom logger module initialized.
2024-06-30 16:30:33,092 - logger - INFO - (5) Starting the model prediction process.
2024-06-30 16:30:33,191 - logger - INFO - Prediction file data saved successfully.
2024-06-30 16:30:33,192 - logger - INFO - ../../data/predictions/predictions.csv
2024-06-30 16:30:33,193 - logger - INFO - -----------------------------------
2024-07-02 10:28:10,971 - logger - INFO - Custom logger module initialized.
2024-07-02 10:28:10,973 - logger - INFO - (1) Starting the data ingestion process.
2024-07-02 10:28:10,974 - logger - INFO - Reading data from CSV file: ../../data/new_data/new_data.csv
2024-07-02 10:28:10,999 - logger - INFO - Data read successfully from CSV file.
2024-07-02 10:28:11,000 - logger - INFO - Validating data.
2024-07-02 10:28:11,005 - logger - INFO - Data validation passed.
2024-07-02 10:28:11,011 - logger - INFO - Reading data from CSV file: ../../data/raw/NBA Shot Locations 1997 - 2020.csv
2024-07-02 10:28:11,061 - logger - INFO - Data read successfully from CSV file.
2024-07-02 10:28:11,062 - logger - INFO - Appending new data to existing data.
2024-07-02 10:28:11,065 - logger - INFO - Data appended successfully.
2024-07-02 10:28:11,072 - logger - INFO - Saving data to CSV file: ../../data/raw/NBA Shot Locations 1997 - 2020.csv
2024-07-02 10:28:11,437 - logger - INFO - Data saved successfully.
2024-07-02 10:28:11,442 - logger - INFO - Data ingestion process completed.
2024-07-02 10:28:11,443 - logger - INFO - ---------------------------------
2024-07-02 10:28:14,434 - logger - INFO - Custom logger module initialized.
2024-07-02 10:28:14,436 - logger - INFO - (2) Starting the data processing process.
2024-07-02 10:28:14,438 - logger - INFO - Data loaded from ../../data/raw/NBA Shot Locations 1997 - 2020.csv.
2024-07-02 10:28:14,639 - logger - INFO - ../../data/processed/NBA Shot Locations 1997 - 2020-processed.csv
2024-07-02 10:28:14,642 - logger - INFO - Data processing pipeline completed.
2024-07-02 10:28:14,643 - logger - INFO - -----------------------------------
2024-07-02 10:28:21,244 - logger - INFO - Custom logger module initialized.
2024-07-02 10:28:21,292 - logger - INFO - (3) Starting the feature engineering process.
2024-07-02 10:28:21,293 - logger - INFO - Loading data from ../../data/processed/NBA Shot Locations 1997 - 2020-processed.csv.
2024-07-02 10:28:21,725 - logger - INFO - New joblib file generated successfully.
2024-07-02 10:28:21,727 - logger - INFO - ../../data/processed/NBA Shot Locations 1997 - 2020-train-test.joblib
2024-07-02 10:28:21,733 - logger - INFO - Feature engineering completed.
2024-07-02 10:28:21,734 - logger - INFO - -----------------------------------
2024-07-02 10:28:26,577 - logger - INFO - Custom logger module initialized.
2024-07-02 10:28:26,579 - logger - INFO - (4) Starting the model training process.
2024-07-02 10:28:26,647 - logger - INFO - Model training completed.
2024-07-02 10:28:26,649 - logger - INFO - -----------------------------------
2024-07-02 10:28:31,625 - logger - INFO - Custom logger module initialized.
2024-07-02 10:28:31,626 - logger - INFO - (5) Starting the model prediction process.
2024-07-02 10:28:31,631 - logger - INFO - No new model version found. Skipping inference.
2024-07-02 10:32:30,078 - logger - INFO - Custom logger module initialized.
2024-07-02 10:32:30,082 - logger - INFO - (1) Starting the data ingestion process.
2024-07-02 10:32:30,083 - logger - INFO - Reading data from CSV file: ../../data/new_data/new_data.csv
2024-07-02 10:32:30,102 - logger - INFO - Data read successfully from CSV file.
2024-07-02 10:32:30,104 - logger - INFO - Validating data.
2024-07-02 10:32:30,106 - logger - INFO - Data validation passed.
2024-07-02 10:32:30,112 - logger - INFO - Reading data from CSV file: ../../data/raw/NBA Shot Locations 1997 - 2020.csv
2024-07-02 10:32:30,167 - logger - INFO - Data read successfully from CSV file.
2024-07-02 10:32:30,171 - logger - INFO - Appending new data to existing data.
2024-07-02 10:32:30,175 - logger - INFO - Data appended successfully.
2024-07-02 10:32:30,184 - logger - INFO - Saving data to CSV file: ../../data/raw/NBA Shot Locations 1997 - 2020.csv
2024-07-02 10:32:30,486 - logger - INFO - Data saved successfully.
2024-07-02 10:32:30,493 - logger - INFO - Data ingestion process completed.
2024-07-02 10:32:30,494 - logger - INFO - ---------------------------------
2024-07-02 10:32:32,947 - logger - INFO - Custom logger module initialized.
2024-07-02 10:32:32,949 - logger - INFO - (2) Starting the data processing process.
2024-07-02 10:32:32,953 - logger - INFO - Data loaded from ../../data/raw/NBA Shot Locations 1997 - 2020.csv.
2024-07-02 10:32:33,160 - logger - INFO - ../../data/processed/NBA Shot Locations 1997 - 2020-processed.csv
2024-07-02 10:32:33,165 - logger - INFO - Data processing pipeline completed.
2024-07-02 10:32:33,167 - logger - INFO - -----------------------------------
2024-07-02 10:32:37,792 - logger - INFO - Custom logger module initialized.
2024-07-02 10:32:37,794 - logger - INFO - (3) Starting the feature engineering process.
2024-07-02 10:32:37,795 - logger - INFO - Loading data from ../../data/processed/NBA Shot Locations 1997 - 2020-processed.csv.
2024-07-02 10:32:37,995 - logger - INFO - New joblib file generated successfully.
2024-07-02 10:32:37,997 - logger - INFO - ../../data/processed/NBA Shot Locations 1997 - 2020-train-test.joblib
2024-07-02 10:32:38,002 - logger - INFO - Feature engineering completed.
2024-07-02 10:32:38,003 - logger - INFO - -----------------------------------
2024-07-02 10:32:42,963 - logger - INFO - Custom logger module initialized.
2024-07-02 10:32:42,965 - logger - INFO - (4) Starting the model training process.
2024-07-02 10:32:43,022 - logger - INFO - Model training completed.
2024-07-02 10:32:43,023 - logger - INFO - -----------------------------------
2024-07-02 10:32:48,197 - logger - INFO - Custom logger module initialized.
2024-07-02 10:32:48,199 - logger - INFO - (5) Starting the model prediction process.
2024-07-02 10:32:48,203 - logger - INFO - No new model version found. Skipping inference.


2024-07-03 08:58:46,954 - logger - INFO - Custom logger module initialized.
2024-07-03 08:58:46,959 - logger - INFO - (1) Starting the data ingestion process.
2024-07-03 08:58:46,959 - logger - INFO - Reading data from CSV file: ../../data/new_data/new_data.csv
2024-07-03 08:58:46,980 - logger - INFO - Data read successfully from CSV file.
2024-07-03 08:58:46,981 - logger - INFO - Validating data.
2024-07-03 08:58:46,981 - logger - INFO - Data validation passed.
2024-07-03 08:58:46,981 - logger - INFO - Reading data from CSV file: ../../data/raw/NBA Shot Locations 1997 - 2020.csv
2024-07-03 08:58:47,004 - logger - INFO - Data read successfully from CSV file.
2024-07-03 08:58:47,004 - logger - INFO - Appending new data to existing data.
2024-07-03 08:58:47,007 - logger - INFO - Data appended successfully.
2024-07-03 08:58:47,008 - logger - INFO - Saving data to CSV file: ../../data/raw/NBA Shot Locations 1997 - 2020.csv
2024-07-03 08:58:47,109 - logger - INFO - Data saved successfully.
2024-07-03 08:58:47,110 - logger - INFO - Data ingestion process completed.
2024-07-03 08:58:47,110 - logger - INFO - ---------------------------------
=======
2024-07-02 12:23:09,551 - logger - INFO - Custom logger module initialized.
2024-07-02 12:23:09,551 - logger - INFO - (4) Starting the model training process.
2024-07-02 12:24:31,109 - logger - INFO - Custom logger module initialized.
2024-07-02 12:24:36,797 - logger - INFO - Custom logger module initialized.
2024-07-02 12:24:36,797 - logger - INFO - (4) Starting the model training process.
2024-07-02 12:29:08,081 - logger - INFO - Custom logger module initialized.
2024-07-02 12:29:08,081 - logger - INFO - (4) Starting the model training process.
2024-07-02 12:30:32,544 - logger - INFO - Custom logger module initialized.
2024-07-02 12:30:32,544 - logger - INFO - (4) Starting the model training process.
2024-07-02 12:30:33,856 - logger - INFO - Model saved locally: trained_models/trained_models/model_best_lr-v1-20240702.joblib
2024-07-02 12:30:33,861 - logger - INFO - Model training completed.
2024-07-02 12:30:33,861 - logger - INFO - -----------------------------------
2024-07-02 12:32:44,780 - logger - INFO - Custom logger module initialized.
2024-07-02 12:32:44,780 - logger - INFO - (4) Starting the model training process.
2024-07-02 12:32:46,314 - logger - INFO - Model saved locally: trained_models/model_best_lr-v1-20240702.joblib
2024-07-02 12:32:46,317 - logger - INFO - Model training completed.
2024-07-02 12:32:46,317 - logger - INFO - -----------------------------------
2024-07-02 12:36:08,860 - logger - INFO - Custom logger module initialized.
2024-07-02 12:36:08,860 - logger - INFO - (4) Starting the model training process.
2024-07-02 12:36:10,384 - logger - INFO - Model saved locally: ../../trained_models/model_best_lr-v1-20240702.joblib
2024-07-02 12:36:10,388 - logger - INFO - Model training completed.
2024-07-02 12:36:10,388 - logger - INFO - -----------------------------------
2024-07-02 12:37:25,554 - logger - INFO - Custom logger module initialized.
2024-07-02 12:37:25,554 - logger - INFO - (1) Starting the data ingestion process.
2024-07-02 12:37:25,554 - logger - INFO - Reading data from CSV file: ../../data/new_data/new_data.csv
2024-07-02 12:37:25,559 - logger - INFO - Data read successfully from CSV file.
2024-07-02 12:37:25,560 - logger - INFO - Validating data.
2024-07-02 12:37:25,560 - logger - INFO - Data validation passed.
2024-07-02 12:37:25,560 - logger - INFO - Reading data from CSV file: ../../data/raw/NBA Shot Locations 1997 - 2020.csv
2024-07-02 12:37:25,572 - logger - INFO - Data read successfully from CSV file.
2024-07-02 12:37:25,572 - logger - INFO - Appending new data to existing data.
2024-07-02 12:37:25,575 - logger - INFO - Data appended successfully.
2024-07-02 12:37:25,575 - logger - INFO - Saving data to CSV file: ../../data/raw/NBA Shot Locations 1997 - 2020.csv
2024-07-02 12:37:25,601 - logger - INFO - Data saved successfully.
2024-07-02 12:37:25,601 - logger - INFO - Data ingestion process completed.
2024-07-02 12:37:25,601 - logger - INFO - ---------------------------------
2024-07-02 12:41:53,279 - logger - INFO - Custom logger module initialized.
2024-07-02 12:41:53,280 - logger - INFO - (1) Starting the data ingestion process.
2024-07-02 12:41:53,281 - logger - INFO - Reading data from CSV file: ../../data/new_data/new_data.csv
2024-07-02 12:41:53,307 - logger - INFO - Data read successfully from CSV file.
2024-07-02 12:41:53,307 - logger - INFO - Validating data.
2024-07-02 12:41:53,307 - logger - INFO - Data validation passed.
2024-07-02 12:41:53,308 - logger - INFO - Reading data from CSV file: ../../data/raw/NBA Shot Locations 1997 - 2020.csv
2024-07-02 12:41:53,327 - logger - INFO - Data read successfully from CSV file.
2024-07-02 12:41:53,328 - logger - INFO - Appending new data to existing data.
2024-07-02 12:41:53,330 - logger - INFO - Data appended successfully.
2024-07-02 12:41:53,330 - logger - INFO - Saving data to CSV file: ../../data/raw/NBA Shot Locations 1997 - 2020.csv
2024-07-02 12:41:53,375 - logger - INFO - Data saved successfully.
2024-07-02 12:41:53,375 - logger - INFO - Data ingestion process completed.
2024-07-02 12:41:53,375 - logger - INFO - ---------------------------------
2024-07-02 12:41:54,940 - logger - INFO - Custom logger module initialized.
2024-07-02 12:41:54,941 - logger - INFO - (2) Starting the data processing process.
2024-07-02 12:41:54,941 - logger - INFO - Data loaded from ../../data/raw/NBA Shot Locations 1997 - 2020.csv.
2024-07-02 12:41:55,042 - logger - INFO - ../../data/processed/NBA Shot Locations 1997 - 2020-processed.csv
2024-07-02 12:41:55,043 - logger - INFO - Data processing pipeline completed.
2024-07-02 12:41:55,043 - logger - INFO - -----------------------------------
2024-07-02 12:41:58,075 - logger - INFO - Custom logger module initialized.
2024-07-02 12:41:58,076 - logger - INFO - (3) Starting the feature engineering process.
2024-07-02 12:41:58,077 - logger - INFO - Loading data from ../../data/processed/NBA Shot Locations 1997 - 2020-processed.csv.
2024-07-02 12:41:58,152 - logger - INFO - New joblib file generated successfully.
2024-07-02 12:41:58,153 - logger - INFO - ../../data/processed/NBA Shot Locations 1997 - 2020-train-test.joblib
2024-07-02 12:41:58,153 - logger - INFO - Feature engineering completed.
2024-07-02 12:41:58,154 - logger - INFO - -----------------------------------
2024-07-02 12:42:01,976 - logger - INFO - Custom logger module initialized.
2024-07-02 12:42:01,976 - logger - INFO - (5) Starting the model prediction process.
2024-07-02 12:42:01,977 - logger - INFO - No new model version found. Skipping inference.
2024-07-02 12:44:42,988 - logger - INFO - Custom logger module initialized.
2024-07-02 12:44:42,988 - logger - INFO - (4) Starting the model training process.
2024-07-02 12:44:44,432 - logger - INFO - Model saved locally: ../../trained_models/model_best_lr-v1-20240702.joblib
2024-07-02 12:44:44,435 - logger - INFO - Model training completed.
2024-07-02 12:44:44,435 - logger - INFO - -----------------------------------
2024-07-02 21:20:33,448 - logger - INFO - Custom logger module initialized.
2024-07-02 21:20:33,449 - logger - INFO - (4) Starting the model training process.
2024-07-02 21:20:34,945 - logger - INFO - Model training completed.
2024-07-02 21:20:34,945 - logger - INFO - -----------------------------------
2024-07-02 21:23:03,530 - logger - INFO - Custom logger module initialized.
2024-07-02 21:23:03,530 - logger - INFO - (4) Starting the model training process.
2024-07-02 21:23:04,887 - logger - INFO - Model training completed.
2024-07-02 21:23:04,887 - logger - INFO - -----------------------------------
2024-07-02 21:24:19,616 - logger - INFO - Custom logger module initialized.
2024-07-02 21:24:19,616 - logger - INFO - (4) Starting the model training process.
2024-07-02 21:24:20,772 - logger - INFO - Model training completed.
2024-07-02 21:24:20,772 - logger - INFO - -----------------------------------
2024-07-02 21:25:47,433 - logger - INFO - Custom logger module initialized.
2024-07-02 21:25:47,433 - logger - INFO - (4) Starting the model training process.
2024-07-02 21:25:48,599 - logger - INFO - Model training completed.
2024-07-02 21:25:48,599 - logger - INFO - -----------------------------------
2024-07-02 21:51:22,635 - logger - INFO - Custom logger module initialized.
2024-07-02 21:51:22,635 - logger - INFO - (4) Starting the model training process.
2024-07-02 21:51:24,015 - logger - INFO - Model file data saved successfully.
2024-07-02 21:51:24,015 - logger - INFO - ../../trained_models/model_best_lr-v2-20240702.joblib
2024-07-02 21:51:24,015 - logger - INFO - Model training completed.
2024-07-02 21:51:24,015 - logger - INFO - -----------------------------------
>>>>>>> 139a4a63984a55f0264877e30db5238554f4a205
2024-07-03 13:43:17,412 - logger - INFO - Custom logger module initialized.
2024-07-03 13:43:17,412 - logger - INFO - (4) Starting the model training process.
2024-07-03 13:43:18,800 - logger - INFO - Model training completed.
2024-07-03 13:43:18,800 - logger - INFO - -----------------------------------
2024-07-03 13:59:33,574 - logger - INFO - Custom logger module initialized.
2024-07-03 13:59:33,574 - logger - INFO - (4) Starting the model training process.
2024-07-03 13:59:35,315 - logger - INFO - Model training completed.
2024-07-03 13:59:35,316 - logger - INFO - -----------------------------------
2024-07-03 21:55:49,293 - logger - INFO - Custom logger module initialized.
2024-07-03 21:55:49,294 - logger - INFO - (4) Starting the model training process.
2024-07-03 21:55:50,761 - logger - INFO - Model file data saved successfully.
2024-07-03 21:55:50,762 - logger - INFO - ../../trained_models/model_best_lr-v1-20240703.joblib
2024-07-03 21:55:50,762 - logger - INFO - Model training completed.
2024-07-03 21:55:50,762 - logger - INFO - -----------------------------------
